
(1520352814.218191) can0 023#002607D020
(1520352814.222634) can0 19A#7120

(1520352814.301967) can0 023#002607D020
(1520352814.306400) can0 19A#7120

(1520352814.330739) can0 10C#004E01250050004F
(1520352814.335404) can0 1BF#000C000E000C
(1520352814.339749) can0 012#0621
(1520352814.345283) can0 202#004E004E52

(1520352814.442205) can0 023#002607D020
(1520352814.446668) can0 19A#7120

(1520352814.502735) can0 023#002607C620
(1520352814.507223) can0 19A#7120

(1520352814.531511) can0 10C#004E01250050004F
(1520352814.536234) can0 1BF#000C000E000C
(1520352814.540539) can0 012#0621

(1520352814.618812) can0 023#002707BC20
(1520352814.623275) can0 19A#7120

(1520352814.704588) can0 023#002707BC20
(1520352814.709030) can0 19A#7120

(1520352814.733300) can0 10C#004D0125004F004D
(1520352814.738034) can0 1BF#000C000E000C
(1520352814.742360) can0 012#0621

(1520352814.820610) can0 023#002707BC20
(1520352814.825095) can0 19A#7120

(1520352814.848833) can0 202#004F004D52

(1520352814.908411) can0 023#002707C620
(1520352814.912872) can0 19A#7120

(1520352814.937140) can0 10C#004D0125004E004D
(1520352814.941852) can0 1BF#000C000E000C
(1520352814.946191) can0 012#0621

(1520352815.043581) can0 023#002707C620
(1520352815.048055) can0 19A#7120

(1520352815.108137) can0 023#002707C620
(1520352815.112634) can0 19A#7120

(1520352815.136874) can0 10C#004D0125004D004E
(1520352815.141642) can0 1BF#000C000E000C
(1520352815.145939) can0 012#0621

(1520352815.243371) can0 023#002707C620
(1520352815.247852) can0 19A#7120

(1520352815.345261) can0 023#002607C620
(1520352815.349772) can0 19A#7120

(1520352815.374012) can0 10C#004D0125004D004E
(1520352815.378772) can0 1BF#000C000E000C
(1520352815.383079) can0 012#0621
(1520352815.388652) can0 202#0050004D52

(1520352815.430023) can0 023#002607C620
(1520352815.434519) can0 19A#7120

(1520352815.513792) can0 023#002607DA20
(1520352815.518286) can0 19A#7120

(1520352815.542573) can0 10C#004D012C004C004D
(1520352815.547290) can0 1BF#000C000E000C
(1520352815.551588) can0 012#0621

(1520352815.630833) can0 023#002507DA20
(1520352815.635341) can0 19A#7120

