2e6e3205495a880f165cfd8732f1c094 000000000000000000000000000000000000000000000000000000002000000000000000000000000000000000000000
ee8540025bb1110862455b31f0392140 000000000000000000000000000000000000000000000000000000002000000000000000000000000000000000000000
76bdfa1505bb1a2746c0ba6ce90d3e6c 000000000000000000000000000000000000000000000000000000002000000000000000000000000000000000000000
f9a6828bdc22b6d2e528ea42f4e2b352 000000000000000000000000000000000000000000000000000000002000000000000000000000000000000000000000
b287c6f4be7cabd7c67bfaaee7b7725f 000000000000000000000000000000000000000000000000000000002000000000000000000000000000000000000000
3659de1b1ceceb0c8386126801d78c55 000000000000000000000000000000000000000000000000000000002000000000000000000000000000000000000000
29f83222ee57846a261a7c42ef653f4e 000000000000000000000000000000000000000000000000000000002000000000000000000000000000000000000000
c484b4dee38e7942ba14205bf7851eb8 000000000000000000000000000000000000000000000000000000002000000000000000000000000000000000000000
b61a2fe7e8e6f5906c71bec1316ad36c 000000000000000000000000000000000000000000000000000000002000000000000000000000000000000000000000
6be1a6f803372b9669f32add636b332e 000000000000000000000000000000000000000000000000000000002000000000000000000000000000000000000000
d431907ad47e864cf59c62d05a8a84bc 000000000000000000000000000000000000000000000000000000002000000000000000000000000000000000000000
0c8c703156078740af60929fe8fd0493 000000000000000000000000000000000000000000000000000000002000000000000000000000000000000000000000
089f08adf0a7e655dee4c6ec8ac5ccb4 000000000000000000000000000000000000000000000000000000002000000000000000000000000000000000000000
3e1e3de62c342aa1c03268e03e16f36f 000000000000000000000000000000000000000000000000000000002000000000000000000000000000000000000000
e0e5f466d476e2c5f05dc935ec0a9029 000000000000000000000000000000000000000000000000000000002000000000000000000000000000000000000000
ed8a198eb9e111d90e220029fe857e09 000000000000000000000000000000000000000000000000000000002000000000000000000000000000000000000000
ccbd0412b34c61f01265d75a987bac12 000000000000000000000000000000000000000000000000000000002000000000000000000000000000000000000000
f341dff8d75e820ffd3305f4a654e3ac 000000000000000000000000000000000000000000000000000000002000000000000000000000000000000000000000
39d8f6527ff8059c9408655c28d5ba55 000000000000000000000000000000000000000000000000000000002000000000000000000000000000000000000000
3531f07a7d0576cbe185ac496f706f08 000000000000000000000000000000000000000000000000000000002000000000000000000000000000000000000000
af43bb0ad6d00f9a4265c76f6e7c4c84 000000000000000000000000000000000000000000000000000000002000000000000000000000000000000000000000
09d1a95e492ca8036e7331d2a9faff97 000000000000000000000000000000000000000000000000000000002000000000000000000000000000000000000000
5b985ac1a336e66394ae7a9946ccf9f9 000000000000000000000000000000000000000000000000000000002000000000000000000000000000000000000000
d3dfff9666538a0464a387c59e39cac6 000000000000000000000000000000000000000000000000000000002000000000000000000000000000000000000000
79f50e4ee683f6aa4ee021564279f6f3 000000000000000000000000000000000000000000000000000000002000000000000000000000000000000000000000
22d6733821ffed217255d450aee8cad9 000000000000000000000000000000000000000000000000000000002000000000000000000000000000000000000000
bcf48bf11c7d68794e527326beedf183 000000000000000000000000000000000000000000000000000000002000000000000000000000000000000000000000
5db865327a17b2b8aeb23a2205fc5495 000000000000000000000000000000000000000000000000000000002000000000000000000000000000000000000000
d47834df39688df82807a8fdf55d57fd 000000000000000000000000000000000000000000000000000000002000000000000000000000000000000000000000
b5d633c1397dd754ea002b552100911b 000000000000000000000000000000000000000000000000000000002000000000000000000000000000000000000000
66e8fb15a5aae87470641ae2e1b43967 000000000000000000000000000000000000000000000000000000002000000000000000000000000000000000000000
59169a68f57b2ce8a86b0fbe49c0d512 000000000000000000000000000000000000000000000000000000002000000000000000000000000000000000000000
151ca054d928208500be56c8c7f9e47f 000000000000000000000000000000000000000000000000000000002000000000000000000000000000000000000000
d693d8cb0f689c263e9194c2546ef7ef 000000000000000000000000000000000000000000000000000000002000000000000000000000000000000000000000
8ccdf544a5fa8c76825e59232d3dfb27 000000000000000000000000000000000000000000000000000000002000000000000000000000000000000000000000
7f0d0ebf3ed3fd6f32ed1fdd60fe1a2a 000000000000000000000000000000000000000000000000000000002000000000000000000000000000000000000000
ca3a09e7803f7f2ed9ec2a6c03cdae8e 000000000000000000000000000000000000000000000000000000002000000000000000000000000000000000000000
05d27060aa7a485b842db8a1e5404c06 000000000000000000000000000000000000000000000000000000002000000000000000000000000000000000000000
8c3ba5c9519db0b900b155bda1a70307 000000000000000000000000000000000000000000000000000000002000000000000000000000000000000000000000
09076e1b71940d15cf3003578076738e 000000000000000000000000000000000000000000000000000000002000000000000000000000000000000000000000
5779b9bd12dd9a985ded1035b45c9974 000000000000000000000000000000000000000000000000000000002000000000000000000000000000000000000000
789ef0ab7270487bfe6d57ce552f0c02 000000000000000000000000000000000000000000000000000000002000000000000000000000000000000000000000
6e5888d6c13387af5c58c73947d2f270 000000000000000000000000000000000000000000000000000000002000000000000000000000000000000000000000
7c1a533fe9603b2fbbce6c2b4cd66afd 000000000000000000000000000000000000000000000000000000002000000000000000000000000000000000000000
90a955238546795f059ad9c354c038ec 000000000000000000000000000000000000000000000000000000002000000000000000000000000000000000000000
34063267ef329643b1d89523e4e306f7 000000000000000000000000000000000000000000000000000000002000000000000000000000000000000000000000
6b7d33955b793c2aeef5662ac0ea4feb 000000000000000000000000000000000000000000000000000000002000000000000000000000000000000000000000
ef1c75c248161358257dcf2d29d4d8b7 000000000000000000000000000000000000000000000000000000002000000000000000000000000000000000000000
0b799f669c3494865161011d2e37eaef 000000000000000000000000000000000000000000000000000000002000000000000000000000000000000000000000
24986571a2e1b08c79fd174f7a8049db 000000000000000000000000000000000000000000000000000000002000000000000000000000000000000000000000
5fb12750ed32fe92d9a2e5535c628753 000000000000000000000000000000000000000000000000000000002000000000000000000000000000000000000000
5831d02aefbdffb29316fff885e148dd 000000000000000000000000000000000000000000000000000000002000000000000000000000000000000000000000
fa929aec09a38d1fc63fa17c6d446aab 000000000000000000000000000000000000000000000000000000002000000000000000000000000000000000000000
9d61df833181d040072c151184c0e5b3 000000000000000000000000000000000000000000000000000000002000000000000000000000000000000000000000
4798501903de08fb79195c2bd5547f49 000000000000000000000000000000000000000000000000000000002000000000000000000000000000000000000000
f386e173fbcfb56dabc1df550b6dcd84 000000000000000000000000000000000000000000000000000000002000000000000000000000000000000000000000
631637fd07dc08dec21e400cf8110666 000000000000000000000000000000000000000000000000000000002000000000000000000000000000000000000000
d0ae658649985eb23626366d84d1312c 000000000000000000000000000000000000000000000000000000002000000000000000000000000000000000000000
780eaf4562a2e3e26d614d9e7d6baf2a 000000000000000000000000000000000000000000000000000000002000000000000000000000000000000000000000
717b9c8fa73f4904dbad0093f4773047 000000000000000000000000000000000000000000000000000000002000000000000000000000000000000000000000
59a258105de1cbf59e23ca193bac4b41 000000000000000000000000000000000000000000000000000000002000000000000000000000000000000000000000
36cb651800de576bee2b408625f5edbb 000000000000000000000000000000000000000000000000000000002000000000000000000000000000000000000000
48eccd6d4f5df83d70b1a731c28152e4 000000000000000000000000000000000000000000000000000000002000000000000000000000000000000000000000
59619299fb7d9ee07c4a0201c8e4d1fc 000000000000000000000000000000000000000000000000000000002000000000000000000000000000000000000000
0fbee64cd93e3b9ea890fb3ef974fee4 000000000000000000000000000000000000000000000000000000002000000000000000000000000000000000000000
ad167a5f36c42650ae9c75ad62dd6dd4 000000000000000000000000000000000000000000000000000000002000000000000000000000000000000000000000
c2f8b63bf97634fb1c9cef72d88ecfae 000000000000000000000000000000000000000000000000000000002000000000000000000000000000000000000000
256f5288625d1db8019cf56a4a3afb5f 000000000000000000000000000000000000000000000000000000002000000000000000000000000000000000000000
99b839d0dc8a456e0af121ce21bb651e 000000000000000000000000000000000000000000000000000000002000000000000000000000000000000000000000
73a147cc5f784ed9e4b3be73dae377b5 000000000000000000000000000000000000000000000000000000002000000000000000000000000000000000000000
ce3c4e694673dd53f9ed61cbcf60d274 000000000000000000000000000000000000000000000000000000002000000000000000000000000000000000000000
edc3579c8b03706c652d3cca9ced2d9a 000000000000000000000000000000000000000000000000000000002000000000000000000000000000000000000000
1e42f16b15129e24b22b305607fcf723 000000000000000000000000000000000000000000000000000000002000000000000000000000000000000000000000
385e38cdccd64df1f6fb382fd2062a61 000000000000000000000000000000000000000000000000000000002000000000000000000000000000000000000000
7a8d9f748806e90a7a77673981c14aca 000000000000000000000000000000000000000000000000000000002000000000000000000000000000000000000000
dab15b6f0365ea3674a6e035a0cd8ccf 000000000000000000000000000000000000000000000000000000002000000000000000000000000000000000000000
e1d975339fdfd7bd663f391d66238c9e 000000000000000000000000000000000000000000000000000000002000000000000000000000000000000000000000
6c859a0028b9f9b9b19aad4418528d46 000000000000000000000000000000000000000000000000000000002000000000000000000000000000000000000000
9003ea1768e12e42595475f0eb880978 000000000000000000000000000000000000000000000000000000002000000000000000000000000000000000000000
516c26f1a1bde352ae89b8d0b0f3847c 000000000000000000000000000000000000000000000000000000002000000000000000000000000000000000000000
a0fa102e68c347cbc5c2547e0f35e0f2 000000000000000000000000000000000000000000000000000000002000000000000000000000000000000000000000
4f8fb61c20a9b61f83b164bb355c9b6d 000000000000000000000000000000000000000000000000000000002000000000000000000000000000000000000000
4ec9dd130fd17cd8a6b153ff6f3696d1 000000000000000000000000000000000000000000000000000000002000000000000000000000000000000000000000
96b6d4599ba674c9a73c4db85b9b0d5a 000000000000000000000000000000000000000000000000000000002000000000000000000000000000000000000000
bd7986ca0793b6c87a6c0fd361b3eff3 000000000000000000000000000000000000000000000000000000002000000000000000000000000000000000000000
250704a7131464322538f02e2d3d2caa 000000000000000000000000000000000000000000000000000000002000000000000000000000000000000000000000
a6750b2ba0d23a4f7c33b9bf2662456c 000000000000000000000000000000000000000000000000000000002000000000000000000000000000000000000000
942bb907277ba247760131770cce29c9 000000000000000000000000000000000000000000000000000000002000000000000000000000000000000000000000
af4222898f3f9ab728c42e989e6231e5 000000000000000000000000000000000000000000000000000000002000000000000000000000000000000000000000
61ee49d5a414bddec7b4996ddc91abb2 000000000000000000000000000000000000000000000000000000002000000000000000000000000000000000000000
5d18c89dad7a9a5e0ed86f8d2762b02f 000000000000000000000000000000000000000000000000000000002000000000000000000000000000000000000000
2724a68d2e91f4fe39cd4de7e46f2567 000000000000000000000000000000000000000000000000000000002000000000000000000000000000000000000000
f790a53e8a3d325e707dce2b441727de 000000000000000000000000000000000000000000000000000000002000000000000000000000000000000000000000
35c2cce3ce227a635226d363766e079a 000000000000000000000000000000000000000000000000000000002000000000000000000000000000000000000000
9473f0e0c406473b83b064b675bec3f0 000000000000000000000000000000000000000000000000000000002000000000000000000000000000000000000000
8aedcfc79c13068566fd2a74ede8a77e 000000000000000000000000000000000000000000000000000000002000000000000000000000000000000000000000
00ee2cd3055f1cdf64f8759e7b026788 000000000000000000000000000000000000000000000000000000002000000000000000000000000000000000000000
ba225a612d07291c7061e51d76c3defa 000000000000000000000000000000000000000000000000000000002000000000000000000000000000000000000000
d2b134ef93d2d81ce4015813407b798b 000000000000000000000000000000000000000000000000000000002000000000000000000000000000000000000000
633cb7e371a24131718ba202b55f206b 000000000000000000000000000000000000000000000000000000002000000000000000000000000000000000000000

